[2012-08-31 13:23:51] Observer polling 10 pages
[2012-08-31 13:24:43] Observer polling 10 pages
[2012-08-31 13:25:50] Observer polling front page
[2012-08-31 13:26:38] Setting up observer
[2012-08-31 13:26:39] Observer polling 10 pages
[2012-08-31 13:26:46] Observer Found Ad: Samsung EFC-1G6FWECSTD Flip Cover Schtzende Display-Klappe fr Samsung Galaxy SIII I9300 wei
[2012-08-31 13:27:46] Observer polling front page
[2012-08-31 13:28:47] Observer polling front page
[2012-08-31 13:29:47] Observer polling front page
[2012-08-31 13:30:48] Observer polling front page
[2012-08-31 13:31:49] Observer polling front page
[2012-08-31 13:32:49] Observer polling front page
[2012-08-31 13:33:50] Observer polling front page
[2012-08-31 13:34:51] Observer polling front page
[2012-08-31 13:35:51] Observer polling front page
[2012-08-31 13:36:52] Observer polling front page
[2012-08-31 13:37:53] Observer polling front page
[2012-08-31 13:38:53] Observer polling front page
[2012-08-31 13:39:54] Observer polling front page
[2012-08-31 13:40:55] Observer polling front page
[2012-08-31 13:41:56] Observer polling front page
[2012-08-31 13:42:56] Observer polling front page
[2012-08-31 13:43:57] Observer polling front page
[2012-08-31 13:44:58] Observer polling front page
[2012-08-31 13:45:59] Observer polling front page
[2012-08-31 13:46:59] Observer polling front page
[2012-08-31 13:48:05] Observer polling front page
[2012-08-31 13:49:05] Observer polling front page
[2012-08-31 13:50:06] Observer polling front page
[2012-08-31 13:51:07] Observer polling front page
[2012-08-31 13:52:08] Observer polling front page
[2012-08-31 13:53:08] Observer polling front page
[2012-08-31 13:54:09] Observer polling front page
[2012-08-31 13:55:09] Observer polling front page
[2012-08-31 13:56:10] Observer polling front page
[2012-08-31 13:57:11] Observer polling front page
[2012-08-31 13:58:12] Observer polling front page
[2012-08-31 13:59:12] Observer polling front page
[2012-08-31 14:00:13] Observer polling front page
[2012-08-31 14:01:14] Observer polling front page
[2012-08-31 14:02:14] Observer polling front page
[2012-08-31 14:03:15] Observer polling front page
[2012-08-31 14:04:16] Observer polling front page
[2012-08-31 14:05:16] Observer polling front page
[2012-08-31 14:06:17] Observer polling front page
[2012-08-31 14:07:18] Observer polling front page
[2012-08-31 14:08:18] Observer polling front page
[2012-08-31 14:09:19] Observer polling front page
[2012-08-31 14:10:20] Observer polling front page
[2012-08-31 14:11:21] Observer polling front page
[2012-08-31 14:12:21] Observer polling front page
[2012-08-31 14:13:22] Observer polling front page
[2012-08-31 14:14:23] Observer polling front page
[2012-08-31 14:15:24] Observer polling front page
[2012-08-31 14:16:24] Observer polling front page
[2012-08-31 14:17:25] Observer polling front page
[2012-08-31 14:18:26] Observer polling front page
[2012-08-31 14:19:26] Observer polling front page
[2012-08-31 14:20:27] Observer polling front page
[2012-08-31 14:21:27] Observer polling front page
[2012-08-31 14:22:28] Observer polling front page
[2012-08-31 14:23:29] Observer polling front page
[2012-08-31 14:24:30] Observer polling front page
[2012-08-31 14:25:30] Observer polling front page
[2012-08-31 14:26:31] Observer polling front page
[2012-08-31 14:27:32] Observer polling front page
[2012-08-31 14:28:33] Observer polling front page
[2012-08-31 14:29:33] Observer polling front page
[2012-08-31 14:30:34] Observer polling front page
[2012-08-31 14:31:35] Observer polling front page
[2012-08-31 14:32:36] Observer polling front page
[2012-08-31 14:33:37] Observer polling front page
[2012-08-31 14:34:38] Observer polling front page
[2012-08-31 14:35:38] Observer polling front page
[2012-08-31 14:36:39] Observer polling front page
[2012-08-31 14:37:40] Observer polling front page
[2012-08-31 14:38:41] Observer polling front page
[2012-08-31 14:39:42] Observer polling front page
[2012-08-31 14:40:42] Observer polling front page
[2012-08-31 14:41:43] Observer polling front page
[2012-08-31 14:42:44] Observer polling front page
[2012-08-31 14:43:45] Observer polling front page
[2012-08-31 14:44:46] Observer polling front page
[2012-08-31 14:45:46] Observer polling front page
[2012-08-31 14:46:47] Observer polling front page
[2012-08-31 14:47:48] Observer polling front page
[2012-08-31 14:48:50] Observer polling front page
[2012-08-31 14:49:51] Observer polling front page
[2012-08-31 14:50:51] Observer polling front page
[2012-08-31 14:51:52] Observer polling front page
[2012-08-31 14:52:53] Observer polling front page
[2012-08-31 14:53:54] Observer polling front page
[2012-08-31 14:54:55] Observer polling front page
[2012-08-31 14:55:55] Observer polling front page
[2012-08-31 14:56:56] Observer polling front page
[2012-08-31 14:57:57] Observer polling front page
[2012-08-31 14:58:58] Observer polling front page
[2012-08-31 14:59:58] Observer polling front page
[2012-08-31 15:00:59] Observer polling front page
[2012-08-31 15:02:00] Observer polling front page
[2012-08-31 15:03:01] Observer polling front page
[2012-08-31 15:04:01] Observer polling front page
[2012-08-31 15:05:02] Observer polling front page
[2012-08-31 15:06:03] Observer polling front page
[2012-08-31 15:07:04] Observer polling front page
[2012-08-31 15:08:04] Observer polling front page
[2012-08-31 15:09:05] Observer polling front page
[2012-08-31 15:10:06] Observer polling front page
[2012-08-31 15:11:06] Observer polling front page
[2012-08-31 15:12:07] Observer polling front page
[2012-08-31 15:13:08] Observer polling front page
[2012-08-31 15:14:08] Observer polling front page
[2012-08-31 15:15:09] Observer polling front page
[2012-08-31 15:16:10] Observer polling front page
[2012-08-31 15:17:11] Observer polling front page
[2012-08-31 15:18:11] Observer polling front page
[2012-08-31 15:19:12] Observer polling front page
[2012-08-31 15:20:13] Observer polling front page
[2012-08-31 15:21:14] Observer polling front page
[2012-08-31 15:22:14] Observer polling front page
[2012-08-31 15:23:15] Observer polling front page
[2012-08-31 15:24:15] Observer polling front page
[2012-08-31 15:25:16] Observer polling front page
[2012-08-31 15:26:17] Observer polling front page
[2012-08-31 15:27:18] Observer polling front page
[2012-08-31 15:28:18] Observer polling front page
[2012-08-31 15:29:19] Observer polling front page
[2012-08-31 15:30:20] Observer polling front page
[2012-08-31 15:31:20] Observer polling front page
[2012-08-31 15:32:21] Observer polling front page
[2012-08-31 15:33:22] Observer polling front page
[2012-08-31 15:34:22] Observer polling front page
[2012-08-31 15:35:23] Observer polling front page
[2012-08-31 15:36:24] Observer polling front page
[2012-08-31 15:37:25] Observer polling front page
[2012-08-31 15:38:25] Observer polling front page
[2012-08-31 15:39:26] Observer polling front page
[2012-08-31 15:40:27] Observer polling front page
[2012-08-31 15:41:27] Observer polling front page
[2012-08-31 15:42:28] Observer polling front page
[2012-08-31 15:43:29] Observer polling front page
[2012-08-31 15:44:29] Observer polling front page
[2012-08-31 15:45:30] Observer polling front page
[2012-08-31 15:46:31] Observer polling front page
[2012-08-31 15:47:32] Observer polling front page
[2012-08-31 15:48:32] Observer polling front page
[2012-08-31 15:49:33] Observer polling front page
[2012-08-31 15:50:34] Observer polling front page
[2012-08-31 15:51:35] Observer polling front page
[2012-08-31 15:52:35] Observer polling front page
[2012-08-31 15:53:36] Observer polling front page
[2012-08-31 15:54:37] Observer polling front page
[2012-08-31 15:55:37] Observer polling front page
[2012-08-31 15:56:38] Observer polling front page
[2012-08-31 15:57:39] Observer polling front page
[2012-08-31 15:58:39] Observer polling front page
[2012-08-31 15:59:40] Observer polling front page
[2012-08-31 16:00:41] Observer polling front page
[2012-08-31 16:01:42] Observer polling front page
[2012-08-31 16:02:42] Observer polling front page
[2012-08-31 16:03:43] Observer polling front page
[2012-08-31 16:04:44] Observer polling front page
[2012-08-31 16:05:45] Observer polling front page
[2012-08-31 16:06:46] Observer polling front page
[2012-08-31 16:07:46] Observer polling front page
[2012-08-31 16:08:47] Observer polling front page
[2012-08-31 16:09:48] Observer polling front page
[2012-08-31 16:10:48] Observer polling front page
[2012-08-31 16:11:49] Observer polling front page
[2012-08-31 16:12:50] Observer polling front page
[2012-08-31 16:13:51] Observer polling front page
[2012-08-31 16:14:52] Observer polling front page
[2012-08-31 16:15:52] Observer polling front page
[2012-08-31 16:16:53] Observer polling front page
[2012-08-31 16:17:54] Observer polling front page
[2012-08-31 16:18:54] Observer polling front page
[2012-08-31 16:19:55] Observer polling front page
[2012-08-31 16:20:56] Observer polling front page
[2012-08-31 16:21:57] Observer polling front page
[2012-08-31 16:22:57] Observer polling front page
[2012-08-31 16:23:58] Observer polling front page
[2012-08-31 16:24:59] Observer polling front page
[2012-08-31 16:25:59] Observer polling front page
[2012-08-31 16:27:00] Observer polling front page
[2012-08-31 16:28:01] Observer polling front page
[2012-08-31 16:29:01] Observer polling front page
[2012-08-31 16:30:02] Observer polling front page
[2012-08-31 16:31:03] Observer polling front page
[2012-08-31 16:32:04] Observer polling front page
[2012-08-31 16:33:04] Observer polling front page
[2012-08-31 16:34:05] Observer polling front page
[2012-08-31 16:35:06] Observer polling front page
[2012-08-31 16:36:07] Observer polling front page
[2012-08-31 16:37:07] Observer polling front page
[2012-08-31 16:38:08] Observer polling front page
[2012-08-31 16:39:09] Observer polling front page
[2012-08-31 16:40:10] Observer polling front page
[2012-08-31 16:41:10] Observer polling front page
[2012-08-31 16:42:11] Observer polling front page
[2012-08-31 16:43:12] Observer polling front page
[2012-08-31 16:44:12] Observer polling front page
[2012-08-31 16:45:13] Observer polling front page
[2012-08-31 16:46:14] Observer polling front page
[2012-08-31 16:47:14] Observer polling front page
[2012-08-31 16:48:15] Observer polling front page
[2012-08-31 16:49:16] Observer polling front page
[2012-08-31 16:50:17] Observer polling front page
[2012-08-31 16:51:18] Observer polling front page
[2012-08-31 16:52:19] Observer polling front page
[2012-08-31 16:53:19] Observer polling front page
[2012-08-31 16:54:20] Observer polling front page
[2012-08-31 16:55:20] Observer polling front page
[2012-08-31 16:56:21] Observer polling front page
[2012-08-31 16:57:22] Observer polling front page
[2012-08-31 16:58:23] Observer polling front page
[2012-08-31 16:59:23] Observer polling front page
[2012-08-31 17:00:24] Observer polling front page
[2012-08-31 17:01:25] Observer polling front page
[2012-08-31 17:02:26] Observer polling front page
[2012-08-31 17:03:27] Observer polling front page
[2012-08-31 17:04:27] Observer polling front page
[2012-08-31 17:05:28] Observer polling front page
[2012-08-31 17:06:29] Observer polling front page
[2012-08-31 17:07:30] Observer polling front page
[2012-08-31 17:08:30] Observer polling front page
[2012-08-31 17:09:31] Observer polling front page
[2012-08-31 17:10:32] Observer polling front page
[2012-08-31 17:11:32] Observer polling front page
[2012-08-31 17:12:33] Observer polling front page
[2012-08-31 17:13:34] Observer polling front page
[2012-08-31 17:14:34] Observer polling front page
[2012-08-31 17:15:35] Observer polling front page
[2012-08-31 17:16:36] Observer polling front page
[2012-08-31 17:17:37] Observer polling front page
[2012-08-31 17:18:37] Observer polling front page
[2012-08-31 17:19:38] Observer polling front page
[2012-08-31 17:20:39] Observer polling front page
[2012-08-31 17:21:40] Observer polling front page
[2012-08-31 17:22:40] Observer polling front page
[2012-08-31 17:23:41] Observer polling front page
[2012-08-31 17:24:42] Observer polling front page
[2012-08-31 17:25:42] Observer polling front page
[2012-08-31 17:26:43] Observer polling front page
[2012-08-31 17:27:44] Observer polling front page
[2012-08-31 17:28:45] Observer polling front page
[2012-08-31 17:29:45] Observer polling front page
[2012-08-31 17:30:46] Observer polling front page
[2012-08-31 17:31:47] Observer polling front page
[2012-08-31 17:32:47] Observer polling front page
[2012-08-31 17:33:48] Observer polling front page
[2012-08-31 17:34:49] Observer polling front page
[2012-08-31 17:35:49] Observer polling front page
[2012-08-31 17:36:50] Observer polling front page
[2012-08-31 17:37:51] Observer polling front page
[2012-08-31 17:38:51] Observer polling front page
[2012-08-31 17:39:52] Observer polling front page
[2012-08-31 17:40:53] Observer polling front page
[2012-08-31 17:42:08] Observer polling front page
[2012-09-01 12:51:17] Observer polling front page
[2012-09-01 12:52:20] Observer polling front page
[2012-09-01 12:53:21] Observer polling front page
[2012-09-01 12:54:22] Observer polling front page
[2012-09-01 12:55:23] Observer polling front page
[2012-09-01 12:56:24] Observer polling front page
[2012-09-01 12:57:24] Observer polling front page
[2012-09-01 12:58:25] Observer polling front page
[2012-09-01 12:59:26] Observer polling front page
[2012-09-01 13:00:27] Observer polling front page
[2012-09-01 13:01:28] Observer polling front page
[2012-09-01 13:02:31] Observer polling front page
[2012-09-01 13:03:32] Observer polling front page
[2012-09-01 13:04:33] Observer polling front page
[2012-09-01 13:05:33] Observer polling front page
[2012-09-01 13:06:34] Observer polling front page
[2012-09-01 13:07:35] Observer polling front page
[2012-09-01 13:08:36] Observer polling front page
[2012-09-01 13:09:37] Observer polling front page
[2012-09-01 13:10:38] Observer polling front page
[2012-09-01 13:11:39] Observer polling front page
[2012-09-01 13:12:40] Observer polling front page
[2012-09-01 13:13:41] Observer polling front page
[2012-09-01 13:14:41] Observer polling front page
[2012-09-01 13:15:42] Observer polling front page
[2012-09-01 13:16:43] Observer polling front page
[2012-09-01 13:17:44] Observer polling front page
[2012-09-01 13:18:45] Observer polling front page
[2012-09-01 13:19:45] Observer polling front page
[2012-09-01 13:20:46] Observer polling front page
[2012-09-01 13:21:47] Observer polling front page
[2012-09-01 13:22:47] Observer polling front page
[2012-09-01 13:23:49] Observer polling front page
[2012-09-01 13:24:50] Observer polling front page
[2012-09-01 13:25:51] Observer polling front page
[2012-09-01 13:26:51] Observer polling front page
[2012-09-01 13:27:53] Observer polling front page
[2012-09-01 13:28:54] Observer polling front page
[2012-09-01 13:29:55] Observer polling front page
[2012-09-01 13:30:55] Observer polling front page
[2012-09-01 13:31:56] Observer polling front page
[2012-09-01 13:32:57] Observer polling front page
[2012-09-01 13:33:58] Observer polling front page
[2012-09-01 13:34:58] Observer polling front page
[2012-09-01 13:36:10] Observer polling front page
[2012-09-01 16:07:22] Observer polling front page
[2012-09-01 16:08:23] Observer polling front page
[2012-09-01 16:09:24] Observer polling front page
[2012-09-01 16:10:25] Observer polling front page
[2012-09-01 16:11:26] Observer polling front page
[2012-09-01 16:12:26] Observer polling front page
[2012-09-01 16:13:27] Observer polling front page
[2012-09-01 16:14:28] Observer polling front page
[2012-09-01 16:15:29] Observer polling front page
[2012-09-01 16:16:29] Observer polling front page
[2012-09-01 16:17:31] Observer polling front page
[2012-09-01 16:18:32] Observer polling front page
[2012-09-01 16:19:32] Observer polling front page
[2012-09-01 16:20:33] Observer polling front page
[2012-09-01 16:21:34] Observer polling front page
[2012-09-01 16:22:34] Observer polling front page
[2012-09-01 16:23:35] Observer polling front page
[2012-09-01 16:24:36] Observer polling front page
[2012-09-01 16:25:36] Observer polling front page
[2012-09-01 16:26:37] Observer polling front page
[2012-09-01 16:27:38] Observer polling front page
[2012-09-01 16:28:38] Observer polling front page
[2012-09-01 16:29:39] Observer polling front page
[2012-09-01 16:30:40] Observer polling front page
[2012-09-01 16:31:40] Observer polling front page
[2012-09-01 16:32:41] Observer polling front page
[2012-09-01 16:33:42] Observer polling front page
[2012-09-01 16:34:42] Observer polling front page
[2012-09-01 16:35:43] Observer polling front page
[2012-09-01 16:36:44] Observer polling front page
[2012-09-01 16:37:44] Observer polling front page
[2012-09-01 16:38:45] Observer polling front page
[2012-09-01 16:39:46] Observer polling front page
[2012-09-01 16:40:47] Observer polling front page
[2012-09-01 16:41:47] Observer polling front page
[2012-09-01 16:42:48] Observer polling front page
[2012-09-01 16:43:49] Observer polling front page
[2012-09-01 16:44:50] Observer polling front page
[2012-09-01 16:45:48] Observer polling front page
[2012-09-01 16:46:49] Observer polling front page
[2012-09-01 16:47:49] Observer polling front page
[2012-09-01 16:48:50] Observer polling front page
[2012-09-01 16:49:51] Observer polling front page
[2012-09-01 16:50:51] Observer polling front page
[2012-09-01 16:51:52] Observer polling front page
[2012-09-01 16:52:53] Observer polling front page
[2012-09-01 16:53:53] Observer polling front page
[2012-09-01 16:54:54] Observer polling front page
[2012-09-01 16:55:55] Observer polling front page
[2012-09-01 16:56:56] Observer polling front page
[2012-09-01 16:57:56] Observer polling front page
[2012-09-01 16:58:57] Observer polling front page
[2012-09-01 16:59:58] Observer polling front page
[2012-09-01 17:00:58] Observer polling front page
[2012-09-01 17:01:59] Observer polling front page
[2012-09-01 17:03:00] Observer polling front page
[2012-09-01 17:04:00] Observer polling front page
[2012-09-01 17:05:01] Observer polling front page
[2012-09-01 17:06:02] Observer polling front page
[2012-09-01 17:07:02] Observer polling front page
[2012-09-01 17:08:03] Observer polling front page
[2012-09-01 17:09:04] Observer polling front page
[2012-09-01 17:10:05] Observer polling front page
[2012-09-01 17:11:05] Observer polling front page
[2012-09-01 17:12:06] Observer polling front page
[2012-09-01 17:13:07] Observer polling front page
[2012-09-01 17:14:07] Observer polling front page
[2012-09-01 17:15:08] Observer polling front page
[2012-09-01 17:16:09] Observer polling front page
[2012-09-01 17:17:10] Observer polling front page
[2012-09-01 17:18:10] Observer polling front page
[2012-09-01 17:19:11] Observer polling front page
[2012-09-01 17:20:13] Observer polling front page
[2012-09-01 17:21:14] Observer polling front page
[2012-09-01 17:22:14] Observer polling front page
[2012-09-01 17:23:15] Observer polling front page
[2012-09-01 17:24:15] Observer polling front page
[2012-09-01 17:25:16] Observer polling front page
[2012-09-01 17:26:17] Observer polling front page
[2012-09-01 17:27:18] Observer polling front page
[2012-09-01 17:28:18] Observer polling front page
[2012-09-01 17:29:19] Observer polling front page
[2012-09-01 17:30:20] Observer polling front page
[2012-09-01 17:31:21] Observer polling front page
[2012-09-01 17:32:21] Observer polling front page
[2012-09-01 17:33:22] Observer polling front page
[2012-09-01 17:34:23] Observer polling front page
[2012-09-01 17:35:23] Observer polling front page
[2012-09-01 17:36:24] Observer polling front page
[2012-09-01 17:37:25] Observer polling front page
[2012-09-01 17:38:25] Observer polling front page
[2012-09-01 17:39:26] Observer polling front page
[2012-09-01 17:40:27] Observer polling front page
[2012-09-01 17:41:27] Observer polling front page
[2012-09-01 17:42:28] Observer polling front page
[2012-09-01 17:43:29] Observer polling front page
[2012-09-01 17:44:30] Observer polling front page
[2012-09-01 17:45:30] Observer polling front page
[2012-09-01 17:46:31] Observer polling front page
[2012-09-01 17:47:31] Observer polling front page
[2012-09-01 17:48:32] Observer polling front page
[2012-09-01 17:49:33] Observer polling front page
[2012-09-01 17:50:34] Observer polling front page
[2012-09-01 17:51:34] Observer polling front page
[2012-09-01 17:52:35] Observer polling front page
[2012-09-01 17:53:36] Observer polling front page
[2012-09-01 17:54:36] Observer polling front page
[2012-09-01 17:55:37] Observer polling front page
[2012-09-01 17:56:38] Observer polling front page
[2012-09-01 17:57:38] Observer polling front page
[2012-09-01 17:58:39] Observer polling front page
[2012-09-01 17:59:40] Observer polling front page
[2012-09-01 18:00:41] Observer polling front page
[2012-09-01 18:01:41] Observer polling front page
[2012-09-01 18:02:42] Observer polling front page
[2012-09-01 18:03:43] Observer polling front page
[2012-09-01 18:04:43] Observer polling front page
[2012-09-01 18:05:44] Observer polling front page
[2012-09-01 18:06:45] Observer polling front page
[2012-09-01 18:07:45] Observer polling front page
[2012-09-01 18:08:46] Observer polling front page
[2012-09-01 18:09:48] Observer polling front page
[2012-09-01 18:10:48] Observer polling front page
[2012-09-01 18:11:49] Observer polling front page
[2012-09-01 18:12:50] Observer polling front page
[2012-09-01 18:13:50] Observer polling front page
[2012-09-01 18:14:51] Observer polling front page
[2012-09-01 18:15:52] Observer polling front page
[2012-09-01 18:16:52] Observer polling front page
[2012-09-01 18:17:53] Observer polling front page
[2012-09-01 18:18:54] Observer polling front page
[2012-09-01 18:19:54] Observer polling front page
[2012-09-01 18:20:55] Observer polling front page
[2012-09-01 18:21:56] Observer polling front page
[2012-09-01 18:22:56] Observer polling front page
[2012-09-01 18:23:57] Observer polling front page
[2012-09-01 18:24:58] Observer polling front page
[2012-09-01 18:25:59] Observer polling front page
[2012-09-01 18:27:00] Observer polling front page
[2012-09-01 18:28:00] Observer polling front page
[2012-09-01 18:29:01] Observer polling front page
[2012-09-01 18:30:02] Observer polling front page
[2012-09-01 18:31:02] Observer polling front page
[2012-09-01 18:32:03] Observer polling front page
[2012-09-01 18:33:05] Observer polling front page
[2012-09-01 18:34:05] Observer polling front page
[2012-09-01 18:35:06] Observer polling front page
[2012-09-01 18:36:07] Observer polling front page
[2012-09-01 18:37:07] Observer polling front page
[2012-09-01 18:38:08] Observer polling front page
[2012-09-01 18:39:09] Observer polling front page
[2012-09-01 18:41:09] Observer polling front page
[2012-09-01 18:42:10] Observer polling front page
[2012-09-01 18:43:11] Observer polling front page
[2012-09-01 18:44:12] Observer polling front page
[2012-09-01 18:45:12] Observer polling front page
[2012-09-01 18:46:13] Observer polling front page
[2012-09-01 18:47:13] Observer polling front page
[2012-09-01 18:48:14] Observer polling front page
[2012-09-01 18:49:18] Observer polling front page
[2012-09-01 18:50:19] Observer polling front page
[2012-09-01 18:51:21] Observer polling front page
[2012-09-01 18:52:21] Observer polling front page
[2012-09-01 18:53:22] Observer polling front page
[2012-09-01 18:54:23] Observer polling front page
[2012-09-01 18:55:23] Observer polling front page
[2012-09-01 18:56:24] Observer polling front page
[2012-09-01 18:57:25] Observer polling front page
[2012-09-01 18:58:25] Observer polling front page
[2012-09-01 18:59:26] Observer polling front page
[2012-09-01 19:00:27] Observer polling front page
[2012-09-01 19:01:27] Observer polling front page
[2012-09-01 19:02:28] Observer polling front page
[2012-09-01 19:03:29] Observer polling front page
[2012-09-01 19:04:29] Observer polling front page
[2012-09-01 19:05:30] Observer polling front page
[2012-09-01 19:06:31] Observer polling front page
[2012-09-01 19:07:31] Observer polling front page
[2012-09-01 19:08:32] Observer polling front page
[2012-09-01 19:09:33] Observer polling front page
[2012-09-01 19:10:33] Observer polling front page
[2012-09-01 19:11:34] Observer polling front page
[2012-09-01 19:12:35] Observer polling front page
[2012-09-01 19:13:36] Observer polling front page
[2012-09-01 19:14:36] Observer polling front page
[2012-09-01 19:15:37] Observer polling front page
[2012-09-01 19:16:38] Observer polling front page
[2012-09-01 19:17:38] Observer polling front page
[2012-09-01 19:18:39] Observer polling front page
[2012-09-01 19:19:40] Observer polling front page
[2012-09-01 19:20:40] Observer polling front page
[2012-09-01 19:21:41] Observer polling front page
[2012-09-01 19:22:42] Observer polling front page
[2012-09-01 19:23:42] Observer polling front page
[2012-09-01 19:24:43] Observer polling front page
[2012-09-01 19:25:44] Observer polling front page
[2012-09-01 19:26:44] Observer polling front page
[2012-09-01 19:27:45] Observer polling front page
[2012-09-01 19:28:46] Observer polling front page
[2012-09-01 19:29:46] Observer polling front page
[2012-09-01 19:30:47] Observer polling front page
[2012-09-01 19:31:48] Observer polling front page
[2012-09-01 19:32:49] Observer polling front page
[2012-09-01 19:33:49] Observer polling front page
[2012-09-01 19:34:50] Observer polling front page
[2012-09-01 19:35:51] Observer polling front page
[2012-09-01 19:36:52] Observer polling front page
[2012-09-01 19:37:52] Observer polling front page
[2012-09-01 19:38:53] Observer polling front page
[2012-09-01 19:39:54] Observer polling front page
[2012-09-01 19:40:55] Observer polling front page
[2012-09-01 19:41:55] Observer polling front page
[2012-09-01 19:42:56] Observer polling front page
[2012-09-01 19:43:57] Observer polling front page
[2012-09-01 19:44:57] Observer polling front page
[2012-09-01 19:45:58] Observer polling front page
[2012-09-01 19:46:59] Observer polling front page
[2012-09-01 19:47:59] Observer polling front page
[2012-09-01 19:49:00] Observer polling front page
[2012-09-01 19:50:01] Observer polling front page
[2012-09-01 19:51:01] Observer polling front page
[2012-09-01 19:52:02] Observer polling front page
[2012-09-01 19:53:03] Observer polling front page
[2012-09-01 19:54:03] Observer polling front page
[2012-09-01 19:55:04] Observer polling front page
[2012-09-01 19:56:05] Observer polling front page
[2012-09-01 19:57:05] Observer polling front page
[2012-09-01 19:58:06] Observer polling front page
[2012-09-01 19:59:07] Observer polling front page
[2012-09-01 20:00:08] Observer polling front page
[2012-09-01 20:01:08] Observer polling front page
[2012-09-01 20:02:09] Observer polling front page
[2012-09-01 20:03:10] Observer polling front page
[2012-09-01 20:04:10] Observer polling front page
[2012-09-01 20:05:11] Observer polling front page
[2012-09-01 20:06:12] Observer polling front page
[2012-09-01 20:07:12] Observer polling front page
[2012-09-01 20:08:13] Observer polling front page
[2012-09-01 20:09:14] Observer polling front page
[2012-09-01 20:10:14] Observer polling front page
[2012-09-01 20:11:15] Observer polling front page
[2012-09-01 20:12:16] Observer polling front page
[2012-09-01 20:13:16] Observer polling front page
[2012-09-01 20:14:17] Observer polling front page
[2012-09-01 20:15:18] Observer polling front page
[2012-09-01 20:16:19] Observer polling front page
[2012-09-01 20:17:19] Observer polling front page
[2012-09-01 20:18:20] Observer polling front page
[2012-09-01 20:19:21] Observer polling front page
[2012-09-01 20:20:21] Observer polling front page
[2012-09-01 20:21:22] Observer polling front page
[2012-09-01 20:22:23] Observer polling front page
[2012-09-01 20:23:23] Observer polling front page
[2012-09-01 20:24:24] Observer polling front page
[2012-09-01 20:25:25] Observer polling front page
[2012-09-01 20:26:25] Observer polling front page
[2012-09-01 20:27:26] Observer polling front page
[2012-09-01 20:28:27] Observer polling front page
[2012-09-01 20:29:28] Observer polling front page
[2012-09-01 20:30:29] Observer polling front page
[2012-09-01 20:31:30] Observer polling front page
[2012-09-01 20:32:30] Observer polling front page
[2012-09-01 20:33:31] Observer polling front page
[2012-09-01 20:34:32] Observer polling front page
[2012-09-01 20:35:32] Observer polling front page
[2012-09-01 20:36:33] Observer polling front page
[2012-09-01 20:37:34] Observer polling front page
[2012-09-01 20:38:34] Observer polling front page
[2012-09-01 20:39:35] Observer polling front page
[2012-09-01 20:40:36] Observer polling front page
[2012-09-01 20:41:36] Observer polling front page
[2012-09-01 20:42:37] Observer polling front page
[2012-09-01 20:43:38] Observer polling front page
[2012-09-01 20:44:38] Observer polling front page
[2012-09-01 20:45:39] Observer polling front page
[2012-09-01 20:46:40] Observer polling front page
[2012-09-01 20:47:41] Observer polling front page
[2012-09-01 20:48:41] Observer polling front page
[2012-09-01 20:49:42] Observer polling front page
[2012-09-01 20:50:43] Observer polling front page
[2012-09-01 20:51:43] Observer polling front page
[2012-09-01 20:52:44] Observer polling front page
[2012-09-01 20:53:44] Observer polling front page
[2012-09-01 20:54:45] Observer polling front page
[2012-09-01 20:55:46] Observer polling front page
[2012-09-01 20:56:46] Observer polling front page
[2012-09-01 20:57:47] Observer polling front page
[2012-09-01 20:58:48] Observer polling front page
[2012-09-01 20:59:49] Observer polling front page
[2012-09-01 21:00:50] Observer polling front page
[2012-09-01 21:01:50] Observer polling front page
[2012-09-01 21:02:51] Observer polling front page
[2012-09-01 21:03:52] Observer polling front page
[2012-09-01 21:04:53] Observer polling front page
[2012-09-01 21:05:54] Observer polling front page
[2012-09-01 21:06:55] Observer polling front page
[2012-09-01 21:07:56] Observer polling front page
[2012-09-01 21:08:56] Observer polling front page
[2012-09-01 21:09:57] Observer polling front page
[2012-09-01 21:10:58] Observer polling front page
[2012-09-01 21:11:59] Observer polling front page
[2012-09-01 21:13:00] Observer polling front page
[2012-09-01 21:14:00] Observer polling front page
[2012-09-01 21:15:01] Observer polling front page
[2012-09-01 21:16:02] Observer polling front page
[2012-09-01 21:17:03] Observer polling front page
[2012-09-01 21:18:04] Observer polling front page
[2012-09-01 21:19:05] Observer polling front page
[2012-09-01 21:20:05] Observer polling front page
[2012-09-01 21:21:06] Observer polling front page
[2012-09-01 21:22:07] Observer polling front page
[2012-09-01 21:23:08] Observer polling front page
[2012-09-01 21:24:08] Observer polling front page
[2012-09-01 21:25:09] Observer polling front page
[2012-09-01 21:26:10] Observer polling front page
[2012-09-01 21:27:10] Observer polling front page
[2012-09-01 21:28:11] Observer polling front page
[2012-09-01 21:29:12] Observer polling front page
[2012-09-01 21:30:12] Observer polling front page
[2012-09-01 21:31:13] Observer polling front page
[2012-09-01 21:32:14] Observer polling front page
[2012-09-01 21:33:15] Observer polling front page
[2012-09-01 21:34:16] Observer polling front page
[2012-09-01 21:35:16] Observer polling front page
[2012-09-01 21:36:17] Observer polling front page
[2012-09-01 21:37:18] Observer polling front page
[2012-09-01 21:38:19] Observer polling front page
[2012-09-01 21:39:19] Observer polling front page
[2012-09-01 21:40:20] Observer polling front page
[2012-09-01 21:41:21] Observer polling front page
[2012-09-01 21:42:22] Observer polling front page
[2012-09-01 21:43:22] Observer polling front page
[2012-09-01 21:44:23] Observer polling front page
[2012-09-01 21:45:24] Observer polling front page
[2012-09-01 21:46:25] Observer polling front page
[2012-09-01 21:47:25] Observer polling front page
[2012-09-01 21:48:26] Observer polling front page
[2012-09-01 21:49:27] Observer polling front page
[2012-09-01 21:50:27] Observer polling front page
[2012-09-01 21:51:28] Observer polling front page
[2012-09-01 21:52:29] Observer polling front page
[2012-09-01 21:53:30] Observer polling front page
[2012-09-01 21:54:31] Observer polling front page
[2012-09-01 21:55:31] Observer polling front page
[2012-09-01 21:56:32] Observer polling front page
[2012-09-01 21:57:33] Observer polling front page
[2012-09-01 21:58:33] Observer polling front page
[2012-09-01 21:59:34] Observer polling front page
[2012-09-01 22:00:35] Observer polling front page
[2012-09-01 22:01:35] Observer polling front page
[2012-09-01 22:02:36] Observer polling front page
[2012-09-01 22:03:37] Observer polling front page
[2012-09-01 22:04:37] Observer polling front page
[2012-09-01 22:05:38] Observer polling front page
[2012-09-01 22:06:39] Observer polling front page
[2012-09-01 22:07:39] Observer polling front page
[2012-09-01 22:08:40] Observer polling front page
[2012-09-01 22:09:41] Observer polling front page
[2012-09-01 22:10:41] Observer polling front page
[2012-09-01 22:11:42] Observer polling front page
[2012-09-01 22:12:43] Observer polling front page
[2012-09-01 22:13:44] Observer polling front page
[2012-09-01 22:14:44] Observer polling front page
[2012-09-01 22:15:45] Observer polling front page
[2012-09-01 22:16:46] Observer polling front page
[2012-09-01 22:17:46] Observer polling front page
[2012-09-01 22:18:47] Observer polling front page
[2012-09-01 22:19:48] Observer polling front page
[2012-09-01 22:20:49] Observer polling front page
[2012-09-01 22:21:49] Observer polling front page
[2012-09-01 22:22:50] Observer polling front page
[2012-09-01 22:23:51] Observer polling front page
[2012-09-01 22:24:51] Observer polling front page
[2012-09-01 22:25:52] Observer polling front page
[2012-09-01 22:26:53] Observer polling front page
[2012-09-01 22:27:54] Observer polling front page
[2012-09-01 22:28:55] Observer polling front page
[2012-09-01 22:29:55] Observer polling front page
[2012-09-01 22:30:56] Observer polling front page
[2012-09-01 22:31:57] Observer polling front page
[2012-09-01 22:32:58] Observer polling front page
[2012-09-01 22:33:58] Observer polling front page
[2012-09-01 22:34:59] Observer polling front page
[2012-09-01 22:36:00] Observer polling front page
[2012-09-01 22:37:01] Observer polling front page
[2012-09-01 22:38:01] Observer polling front page
[2012-09-01 22:39:02] Observer polling front page
[2012-09-01 22:40:03] Observer polling front page
[2012-09-01 22:41:03] Observer polling front page
[2012-09-01 22:42:04] Observer polling front page
[2012-09-01 22:43:05] Observer polling front page
[2012-09-01 22:44:05] Observer polling front page
[2012-09-01 22:45:06] Observer polling front page
[2012-09-01 22:46:07] Observer polling front page
[2012-09-01 22:47:08] Observer polling front page
[2012-09-01 22:48:08] Observer polling front page
[2012-09-01 22:49:09] Observer polling front page
[2012-09-01 22:50:10] Observer polling front page
[2012-09-01 22:51:10] Observer polling front page
[2012-09-01 22:52:11] Observer polling front page
[2012-09-01 22:53:12] Observer polling front page
[2012-09-01 22:54:12] Observer polling front page
[2012-09-01 22:55:13] Observer polling front page
[2012-09-01 22:56:14] Observer polling front page
[2012-09-01 22:57:14] Observer polling front page
[2012-09-01 22:58:15] Observer polling front page
[2012-09-01 22:59:15] Observer polling front page
[2012-09-01 23:00:16] Observer polling front page
[2012-09-01 23:01:17] Observer polling front page
[2012-09-01 23:02:18] Observer polling front page
[2012-09-01 23:03:18] Observer polling front page
[2012-09-01 23:04:19] Observer polling front page
[2012-09-01 23:05:20] Observer polling front page
[2012-09-01 23:06:21] Observer polling front page
[2012-09-01 23:07:21] Observer polling front page
[2012-09-01 23:08:22] Observer polling front page
[2012-09-01 23:09:22] Observer polling front page
[2012-09-01 23:10:23] Observer polling front page
[2012-09-01 23:11:24] Observer polling front page
[2012-09-01 23:12:24] Observer polling front page
[2012-09-01 23:13:25] Observer polling front page
[2012-09-01 23:14:26] Observer polling front page
[2012-09-01 23:15:27] Observer polling front page
[2012-09-01 23:16:27] Observer polling front page
[2012-09-01 23:17:28] Observer polling front page
[2012-09-01 23:18:29] Observer polling front page
[2012-09-01 23:19:30] Observer polling front page
[2012-09-01 23:20:30] Observer polling front page
[2012-09-01 23:21:31] Observer polling front page
[2012-09-01 23:22:32] Observer polling front page
[2012-09-01 23:23:32] Observer polling front page
[2012-09-01 23:24:33] Observer polling front page
[2012-09-01 23:25:34] Observer polling front page
[2012-09-01 23:26:34] Observer polling front page
[2012-09-01 23:27:35] Observer polling front page
[2012-09-01 23:28:36] Observer polling front page
[2012-09-01 23:29:36] Observer polling front page
[2012-09-01 23:30:37] Observer polling front page
[2012-09-01 23:31:38] Observer polling front page
[2012-09-01 23:32:39] Observer polling front page
[2012-09-01 23:33:41] Observer polling front page
[2012-09-01 23:34:41] Observer polling front page
[2012-09-01 23:35:42] Observer polling front page
[2012-09-01 23:36:43] Observer polling front page
[2012-09-01 23:37:43] Observer polling front page
[2012-09-01 23:38:44] Observer polling front page
[2012-09-01 23:39:45] Observer polling front page
[2012-09-01 23:40:46] Observer polling front page
[2012-09-01 23:41:46] Observer polling front page
[2012-09-01 23:42:47] Observer polling front page
[2012-09-01 23:43:48] Observer polling front page
[2012-09-01 23:44:48] Observer polling front page
[2012-09-01 23:45:49] Observer polling front page
[2012-09-01 23:46:50] Observer polling front page
[2012-09-01 23:47:50] Observer polling front page
[2012-09-01 23:48:51] Observer polling front page
[2012-09-01 23:49:52] Observer polling front page
[2012-09-01 23:50:53] Observer polling front page
[2012-09-01 23:51:53] Observer polling front page
[2012-09-01 23:52:54] Observer polling front page
[2012-09-01 23:53:54] Observer polling front page
[2012-09-01 23:54:55] Observer polling front page
[2012-09-01 23:55:56] Observer polling front page
[2012-09-01 23:56:57] Observer polling front page
[2012-09-01 23:57:57] Observer polling front page
[2012-09-01 23:58:58] Observer polling front page
[2012-09-01 23:59:58] Observer polling front page
[2012-09-02 00:00:59] Observer polling front page
[2012-09-02 00:02:00] Observer polling front page
[2012-09-02 00:03:00] Observer polling front page
[2012-09-02 00:04:01] Observer polling front page
[2012-09-02 00:05:32] Observer polling front page
[2012-09-02 00:06:32] Observer polling front page
[2012-09-02 00:07:33] Observer polling front page
[2012-09-02 00:08:34] Observer polling front page
[2012-09-02 00:09:35] Observer polling front page
[2012-09-02 00:10:35] Observer polling front page
[2012-09-02 00:11:36] Observer polling front page
[2012-09-02 00:12:36] Observer polling front page
[2012-09-02 00:13:37] Observer polling front page
[2012-09-02 00:14:38] Observer polling front page
[2012-09-02 00:15:38] Observer polling front page
[2012-09-02 00:16:39] Observer polling front page
[2012-09-02 00:17:40] Observer polling front page
[2012-09-02 00:18:41] Observer polling front page
[2012-09-02 00:19:41] Observer polling front page
[2012-09-02 00:20:42] Observer polling front page
[2012-09-02 00:21:43] Observer polling front page
[2012-09-02 00:22:43] Observer polling front page
[2012-09-02 00:23:44] Observer polling front page
[2012-09-02 00:24:45] Observer polling front page
[2012-09-02 00:25:45] Observer polling front page
[2012-09-02 00:26:46] Observer polling front page
[2012-09-02 00:27:47] Observer polling front page
[2012-09-02 00:28:48] Observer polling front page
[2012-09-02 00:29:48] Observer polling front page
[2012-09-02 00:30:49] Observer polling front page
[2012-09-02 00:31:50] Observer polling front page
[2012-09-02 00:32:50] Observer polling front page
[2012-09-02 00:33:51] Observer polling front page
[2012-09-02 00:34:52] Observer polling front page
[2012-09-02 00:35:52] Observer polling front page
[2012-09-02 00:36:53] Observer polling front page
[2012-09-02 00:37:54] Observer polling front page
[2012-09-02 00:38:54] Observer polling front page
[2012-09-02 00:39:55] Observer polling front page
[2012-09-02 00:40:56] Observer polling front page
[2012-09-02 00:41:56] Observer polling front page
[2012-09-02 00:42:57] Observer polling front page
[2012-09-02 00:43:58] Observer polling front page
[2012-09-02 00:44:58] Observer polling front page
[2012-09-02 00:45:59] Observer polling front page
[2012-09-02 00:46:59] Observer polling front page
[2012-09-02 00:48:00] Observer polling front page
[2012-09-02 00:49:01] Observer polling front page
[2012-09-02 00:50:01] Observer polling front page
[2012-09-02 00:51:02] Observer polling front page
[2012-09-02 00:52:03] Observer polling front page
[2012-09-02 00:53:03] Observer polling front page
[2012-09-02 00:54:04] Observer polling front page
[2012-09-02 00:55:05] Observer polling front page
[2012-09-02 00:56:05] Observer polling front page
[2012-09-02 00:57:06] Observer polling front page
[2012-09-02 00:58:07] Observer polling front page
[2012-09-02 00:59:07] Observer polling front page
[2012-09-02 01:00:08] Observer polling front page
[2012-09-02 01:01:09] Observer polling front page
[2012-09-02 01:02:09] Observer polling front page
[2012-09-02 01:03:10] Observer polling front page
[2012-09-02 01:04:11] Observer polling front page
[2012-09-02 01:05:12] Observer polling front page
[2012-09-02 01:06:12] Observer polling front page
[2012-09-02 01:07:13] Observer polling front page
[2012-09-02 01:08:14] Observer polling front page
[2012-09-02 01:09:14] Observer polling front page
[2012-09-02 01:10:15] Observer polling front page
[2012-09-02 01:11:16] Observer polling front page
[2012-09-02 01:12:16] Observer polling front page
[2012-09-02 01:13:17] Observer polling front page
[2012-09-02 01:14:18] Observer polling front page
[2012-09-02 01:15:18] Observer polling front page
[2012-09-02 01:16:19] Observer polling front page
[2012-09-02 01:17:20] Observer polling front page
[2012-09-02 01:18:20] Observer polling front page
[2012-09-02 01:19:21] Observer polling front page
[2012-09-02 12:25:31] Observer polling front page
[2012-09-02 12:26:31] Observer polling front page
[2012-09-02 12:27:32] Observer polling front page
[2012-09-02 12:28:33] Observer polling front page
[2012-09-02 12:29:34] Observer polling front page
[2012-09-02 12:30:35] Observer polling front page
[2012-09-02 12:31:35] Observer polling front page
[2012-09-02 12:32:36] Observer polling front page
[2012-09-02 12:33:37] Observer polling front page
[2012-09-02 12:34:38] Observer polling front page
[2012-09-02 12:35:39] Observer polling front page
[2012-09-02 12:36:39] Observer polling front page
[2012-09-02 12:37:40] Observer polling front page
[2012-09-02 12:38:41] Observer polling front page
[2012-09-02 12:39:41] Observer polling front page
[2012-09-02 12:40:42] Observer polling front page
[2012-09-02 12:41:43] Observer polling front page
[2012-09-02 12:42:44] Observer polling front page
[2012-09-02 12:43:44] Observer polling front page
[2012-09-02 12:44:45] Observer polling front page
[2012-09-02 12:44:46] Observer Found Ad: NOTVERKAUF: SAMSUNG GALAXY s3, Blau, 16 GB, Werksoffen - 2 Jahre Garantie
[2012-09-02 12:45:46] Observer polling front page
[2012-09-02 12:46:47] Observer polling front page
[2012-09-02 12:47:47] Observer polling front page
[2012-09-02 12:48:48] Observer polling front page
[2012-09-02 12:49:49] Observer polling front page
[2012-09-02 12:50:49] Observer polling front page
[2012-09-02 12:51:50] Observer polling front page
[2012-09-02 12:52:51] Observer polling front page
[2012-09-02 12:53:51] Observer polling front page
[2012-09-02 12:54:52] Observer polling front page
[2012-09-02 12:55:53] Observer polling front page
[2012-09-02 12:56:54] Observer polling front page
[2012-09-02 12:57:54] Observer polling front page
[2012-09-02 12:58:55] Observer polling front page
[2012-09-02 12:59:56] Observer polling front page
[2012-09-02 13:00:57] Observer polling front page
[2012-09-02 13:01:57] Observer polling front page
[2012-09-02 13:02:58] Observer polling front page
[2012-09-02 13:03:59] Observer polling front page
[2012-09-02 13:04:59] Observer polling front page
[2012-09-02 13:06:00] Observer polling front page
[2012-09-02 13:07:01] Observer polling front page
[2012-09-02 13:08:01] Observer polling front page
[2012-09-02 13:09:02] Observer polling front page
[2012-09-02 13:10:03] Observer polling front page
[2012-09-02 13:11:03] Observer polling front page
[2012-09-02 13:12:04] Observer polling front page
[2012-09-02 13:13:05] Observer polling front page
[2012-09-02 13:14:05] Observer polling front page
[2012-09-02 13:15:06] Observer polling front page
[2012-09-02 13:16:06] Observer polling front page
[2012-09-02 13:17:07] Observer polling front page
[2012-09-02 13:18:08] Observer polling front page
[2012-09-02 13:19:08] Observer polling front page
[2012-09-02 13:20:09] Observer polling front page
[2012-09-02 13:21:10] Observer polling front page
[2012-09-02 13:22:10] Observer polling front page
[2012-09-02 13:23:11] Observer polling front page
[2012-09-02 13:24:12] Observer polling front page
[2012-09-02 13:25:13] Observer polling front page
[2012-09-02 13:26:13] Observer polling front page
[2012-09-02 13:27:14] Observer polling front page
[2012-09-02 13:28:15] Observer polling front page
[2012-09-02 13:29:15] Observer polling front page
[2012-09-02 13:30:16] Observer polling front page
[2012-09-02 13:31:17] Observer polling front page
[2012-09-02 13:32:17] Observer polling front page
[2012-09-02 13:33:18] Observer polling front page
[2012-09-02 13:34:18] Observer polling front page
[2012-09-02 13:35:19] Observer polling front page
[2012-09-02 13:36:20] Observer polling front page
[2012-09-02 13:37:21] Observer polling front page
[2012-09-02 13:38:21] Observer polling front page
[2012-09-02 13:39:22] Observer polling front page
[2012-09-02 13:40:23] Observer polling front page
[2012-09-02 13:41:23] Observer polling front page
[2012-09-02 13:42:24] Observer polling front page
[2012-09-02 13:43:25] Observer polling front page
[2012-09-02 13:44:25] Observer polling front page
[2012-09-02 13:45:26] Observer polling front page
[2012-09-02 13:46:27] Observer polling front page
[2012-09-02 13:47:27] Observer polling front page
[2012-09-02 13:48:28] Observer polling front page
[2012-09-02 13:49:29] Observer polling front page
[2012-09-02 13:50:29] Observer polling front page
[2012-09-02 13:51:30] Observer polling front page
[2012-09-02 13:52:31] Observer polling front page
[2012-09-02 13:53:31] Observer polling front page
[2012-09-02 13:54:32] Observer polling front page
[2012-09-02 13:55:33] Observer polling front page
[2012-09-02 13:56:34] Observer polling front page
[2012-09-02 13:57:34] Observer polling front page
[2012-09-02 13:58:35] Observer polling front page
[2012-09-02 13:59:36] Observer polling front page
[2012-09-02 14:00:37] Observer polling front page
[2012-09-02 14:01:37] Observer polling front page
[2012-09-02 14:02:38] Observer polling front page
[2012-09-02 14:03:39] Observer polling front page
[2012-09-02 14:04:39] Observer polling front page
[2012-09-02 14:05:40] Observer polling front page
[2012-09-02 14:07:34] Observer polling front page
[2012-09-02 14:08:34] Observer polling front page
[2012-09-02 14:09:35] Observer polling front page
[2012-09-02 14:10:36] Observer polling front page
[2012-09-02 14:11:37] Observer polling front page
[2012-09-02 14:12:38] Observer polling front page
[2012-09-02 14:13:39] Observer polling front page
[2012-09-02 14:14:39] Observer polling front page
[2012-09-02 14:15:40] Observer polling front page
[2012-09-02 14:16:41] Observer polling front page
[2012-09-02 14:17:41] Observer polling front page
[2012-09-02 14:18:42] Observer polling front page
[2012-09-02 14:19:43] Observer polling front page
[2012-09-02 14:20:43] Observer polling front page
[2012-09-02 14:21:44] Observer polling front page
[2012-09-02 14:22:45] Observer polling front page
[2012-09-02 14:23:45] Observer polling front page
[2012-09-02 14:24:46] Observer polling front page
[2012-09-02 14:25:47] Observer polling front page
[2012-09-02 14:26:47] Observer polling front page
[2012-09-02 14:27:48] Observer polling front page
[2012-09-02 14:28:49] Observer polling front page
[2012-09-02 14:29:49] Observer polling front page
[2012-09-02 14:30:52] Observer polling front page
[2012-09-02 21:39:56] Setting up observer
[2012-09-02 21:39:56] Observer polling 10 pages
[2012-09-02 21:40:04] Observer Found Ad: Samsung Galaxy S3
[2012-09-02 21:40:04] Observer Found Ad: Samsung Galaxy Corby GT-S3650
[2012-09-02 21:41:04] Observer polling front page
[2012-09-02 21:42:04] Observer polling front page
[2012-09-02 21:43:05] Observer polling front page
[2012-09-02 21:44:06] Observer polling front page
[2012-09-02 21:45:06] Observer polling front page
[2012-09-02 21:46:07] Observer polling front page
[2012-09-02 21:47:08] Observer polling front page
[2012-09-02 21:48:08] Observer polling front page
[2012-09-02 21:49:09] Observer polling front page
[2012-09-02 21:50:10] Observer polling front page
[2012-09-02 21:51:11] Observer polling front page
[2012-09-02 21:52:11] Observer polling front page
[2012-09-02 21:53:12] Observer polling front page
[2012-09-02 21:54:13] Observer polling front page
[2012-09-02 21:55:14] Observer polling front page
[2012-09-02 21:56:14] Observer polling front page
[2012-09-02 21:57:15] Observer polling front page
[2012-09-02 21:58:16] Observer polling front page
[2012-09-02 21:59:16] Observer polling front page
[2012-09-02 22:00:17] Observer polling front page
[2012-09-02 22:01:18] Observer polling front page
[2012-09-02 22:02:19] Observer polling front page
[2012-09-02 22:03:20] Observer polling front page
[2012-09-02 22:04:20] Observer polling front page
[2012-09-02 22:05:22] Observer polling front page
[2012-09-02 22:06:22] Observer polling front page
[2012-09-02 22:07:23] Observer polling front page
[2012-09-02 22:08:24] Observer polling front page
[2012-09-02 22:09:24] Observer polling front page
[2012-09-02 22:10:25] Observer polling front page
[2012-09-02 22:11:26] Observer polling front page
[2012-09-02 22:12:27] Observer polling front page
[2012-09-02 22:13:28] Observer polling front page
[2012-09-02 22:14:28] Observer polling front page
[2012-09-02 22:15:29] Observer polling front page
[2012-09-02 22:16:30] Observer polling front page
[2012-09-02 22:17:31] Observer polling front page
[2012-09-02 22:18:32] Observer polling front page
[2012-09-02 22:19:32] Observer polling front page
[2012-09-02 22:20:33] Observer polling front page
[2012-09-02 22:21:34] Observer polling front page
[2012-09-02 22:22:35] Observer polling front page
[2012-09-02 22:23:35] Observer polling front page
[2012-09-02 22:24:36] Observer polling front page
[2012-09-02 22:25:37] Observer polling front page
[2012-09-02 22:26:37] Observer polling front page
[2012-09-02 22:27:38] Observer polling front page
[2012-09-02 22:28:39] Observer polling front page
[2012-09-02 22:29:40] Observer polling front page
[2012-09-02 22:30:40] Observer polling front page
[2012-09-02 22:31:41] Observer polling front page
[2012-09-02 22:32:41] Observer polling front page
[2012-09-02 22:33:42] Observer polling front page
[2012-09-02 22:34:43] Observer polling front page
[2012-09-02 22:35:44] Observer polling front page
[2012-09-02 22:36:44] Observer polling front page
[2012-09-02 22:37:45] Observer polling front page
[2012-09-02 22:38:46] Observer polling front page
[2012-09-02 22:39:46] Observer polling front page
[2012-09-02 22:40:47] Observer polling front page
[2012-09-02 22:41:48] Observer polling front page
[2012-09-02 22:42:49] Observer polling front page
[2012-09-02 22:43:49] Observer polling front page
[2012-09-02 22:44:50] Observer polling front page
[2012-09-02 22:45:51] Observer polling front page
[2012-09-02 22:46:51] Observer polling front page
[2012-09-02 22:47:52] Observer polling front page
[2012-09-02 22:48:53] Observer polling front page
[2012-09-02 22:49:53] Observer polling front page
[2012-09-02 22:50:54] Observer polling front page
[2012-09-02 22:51:55] Observer polling front page
[2012-09-02 22:52:56] Observer polling front page
[2012-09-02 22:53:56] Observer polling front page
[2012-09-02 22:54:57] Observer polling front page
[2012-09-02 22:55:57] Observer polling front page
[2012-09-02 22:56:58] Observer polling front page
[2012-09-02 22:57:59] Observer polling front page
[2012-09-02 22:59:00] Observer polling front page
[2012-09-02 23:00:00] Observer polling front page
[2012-09-02 23:01:01] Observer polling front page
[2012-09-02 23:02:02] Observer polling front page
[2012-09-02 23:03:03] Observer polling front page
[2012-09-02 23:04:07] Observer polling front page
[2012-09-02 23:05:08] Observer polling front page
[2012-09-02 23:06:09] Observer polling front page
[2012-09-02 23:07:09] Observer polling front page
[2012-09-02 23:08:10] Observer polling front page
[2012-09-02 23:09:11] Observer polling front page
[2012-09-02 23:10:11] Observer polling front page
[2012-09-02 23:11:12] Observer polling front page
[2012-09-02 23:12:13] Observer polling front page
[2012-09-02 23:13:13] Observer polling front page
[2012-09-02 23:14:14] Observer polling front page
[2012-09-02 23:15:15] Observer polling front page
[2012-09-02 23:16:16] Observer polling front page
[2012-09-02 23:17:16] Observer polling front page
[2012-09-02 23:18:17] Observer polling front page
[2012-09-02 23:19:18] Observer polling front page
[2012-09-02 23:20:18] Observer polling front page
[2012-09-02 23:21:19] Observer polling front page
[2012-09-02 23:22:20] Observer polling front page
[2012-09-02 23:23:21] Observer polling front page
[2012-09-02 23:24:21] Observer polling front page
[2012-09-02 23:25:22] Observer polling front page
[2012-09-02 23:26:23] Observer polling front page
[2012-09-02 23:27:23] Observer polling front page
[2012-09-02 23:28:24] Observer polling front page
[2012-09-02 23:29:25] Observer polling front page
[2012-09-02 23:30:26] Observer polling front page
[2012-09-02 23:31:27] Observer polling front page
[2012-09-02 23:32:27] Observer polling front page
[2012-09-02 23:33:28] Observer polling front page
[2012-09-03 08:00:04] Observer polling front page
[2012-09-03 08:01:06] Observer polling front page
[2012-09-03 08:02:07] Observer polling front page
[2012-09-03 20:21:26] Setting up observer
[2012-09-03 20:21:27] Observer polling 10 pages
[2012-09-03 20:21:56] Observer Found Ad: Samsung Galaxy S3 mit defektem Toch
[2012-09-03 20:21:57] Observer Found Ad: Samsung Galaxy S3 Silikon Tasche schwarz oder Violett, NEU und Originalverackt
[2012-09-03 20:22:57] Observer polling front page
[2012-09-03 20:23:59] Observer polling front page
[2012-09-03 20:25:04] Observer polling front page
[2012-09-03 20:26:08] Observer polling front page
[2012-09-03 20:27:10] Observer polling front page
[2012-09-03 20:28:12] Observer polling front page
[2012-09-03 20:29:15] Observer polling front page
[2012-09-03 20:30:21] Observer polling front page
[2012-09-03 20:31:25] Observer polling front page
[2012-09-03 20:32:30] Observer polling front page
[2012-09-03 20:33:31] Observer polling front page
[2012-09-03 20:34:37] Observer polling front page
[2012-09-03 20:35:41] Observer polling front page
[2012-09-03 20:36:47] Observer polling front page
[2012-09-03 20:37:51] Observer polling front page
[2012-09-03 20:38:58] Observer polling front page
[2012-09-03 20:40:03] Observer polling front page
[2012-09-03 20:41:09] Observer polling front page
[2012-09-03 20:42:15] Observer polling front page
[2012-09-03 20:43:24] Observer polling front page
[2012-09-03 20:44:31] Observer polling front page
[2012-09-03 20:45:37] Observer polling front page
[2012-09-03 20:46:42] Observer polling front page
[2012-09-03 20:47:54] Observer polling front page
[2012-09-03 20:48:59] Observer polling front page
[2012-09-03 20:50:05] Observer polling front page
[2012-09-03 20:51:09] Observer polling front page
[2012-09-03 20:51:48] Setting up observer
[2012-09-03 20:51:48] Observer polling 10 pages
[2012-09-03 20:53:43] Observer polling front page
[2012-09-03 20:54:55] Setting up observer
[2012-09-03 20:54:56] Observer polling 10 pages
[2012-09-03 20:56:47] Observer polling front page
[2012-09-03 20:57:53] Observer polling front page
[2012-09-03 20:58:56] Observer polling front page
[2012-09-03 21:00:00] Observer polling front page
[2012-09-03 21:01:02] Observer polling front page
[2012-09-03 21:02:06] Observer polling front page
[2012-09-03 21:03:08] Observer polling front page
[2012-09-03 21:04:12] Observer polling front page
[2012-09-03 21:05:17] Observer polling front page
[2012-09-03 21:06:18] Observer polling front page
[2012-09-03 21:07:24] Observer polling front page
[2012-09-03 21:08:28] Observer polling front page
[2012-09-03 21:09:33] Observer polling front page
[2012-09-03 21:10:40] Observer polling front page
[2012-09-03 21:11:45] Observer polling front page
[2012-09-03 21:12:50] Observer polling front page
[2012-09-03 21:13:54] Observer polling front page
[2012-09-03 21:15:00] Observer polling front page
[2012-09-03 21:16:06] Observer polling front page
[2012-09-03 21:17:09] Observer polling front page
[2012-09-03 21:18:12] Observer polling front page
[2012-09-03 21:19:17] Observer polling front page
[2012-09-03 21:20:19] Observer polling front page
[2012-09-03 21:21:21] Observer polling front page
[2012-09-03 21:22:24] Observer polling front page
[2012-09-03 21:23:27] Observer polling front page
[2012-09-03 21:24:32] Observer polling front page
[2012-09-03 21:25:37] Observer polling front page
[2012-09-03 21:26:43] Observer polling front page
[2012-09-03 21:27:47] Observer polling front page
[2012-09-03 21:28:50] Observer polling front page
[2012-09-03 21:29:55] Observer polling front page
[2012-09-03 21:31:00] Observer polling front page
[2012-09-03 21:32:06] Observer polling front page
[2012-09-03 21:33:11] Observer polling front page
[2012-09-03 21:34:19] Observer polling front page
[2012-09-03 21:35:24] Observer polling front page
[2012-09-03 21:36:28] Observer polling front page
[2012-09-03 21:37:33] Observer polling front page
[2012-09-03 21:38:35] Observer polling front page
[2012-09-03 21:39:57] Observer polling front page
[2012-09-03 21:40:59] Observer polling front page
[2012-09-03 21:42:04] Observer polling front page
[2012-09-03 21:43:08] Observer polling front page
[2012-09-03 21:44:14] Observer polling front page
[2012-09-03 21:45:20] Observer polling front page
[2012-09-03 21:46:26] Observer polling front page
[2012-09-03 21:47:29] Observer polling front page
[2012-09-03 21:48:32] Observer polling front page
[2012-09-03 21:49:34] Observer polling front page
[2012-09-03 21:50:37] Observer polling front page
[2012-09-03 21:51:39] Observer polling front page
[2012-09-03 21:52:46] Observer polling front page
[2012-09-03 21:53:50] Observer polling front page
[2012-09-03 21:54:54] Observer polling front page
[2012-09-03 21:56:02] Observer polling front page
[2012-09-03 21:57:05] Observer polling front page
[2012-09-03 21:58:07] Observer polling front page
[2012-09-03 21:59:12] Observer polling front page
[2012-09-03 22:00:14] Observer polling front page
[2012-09-03 22:01:18] Observer polling front page
[2012-09-03 22:02:22] Observer polling front page
[2012-09-03 22:03:24] Observer polling front page
[2012-09-03 22:04:31] Observer polling front page
[2012-09-03 22:05:33] Observer polling front page
[2012-09-03 22:06:39] Observer polling front page
[2012-09-03 22:07:43] Observer polling front page
[2012-09-03 22:08:50] Observer polling front page
[2012-09-03 22:09:53] Observer polling front page
[2012-09-03 22:10:55] Observer polling front page
[2012-09-03 22:11:56] Observer polling front page
[2012-09-03 22:13:00] Observer polling front page
[2012-09-03 22:14:04] Observer polling front page
[2012-09-03 22:15:06] Observer polling front page
[2012-09-03 22:16:11] Observer polling front page
[2012-09-03 22:17:15] Observer polling front page
[2012-09-03 22:18:18] Observer polling front page
[2012-09-03 22:19:20] Observer polling front page
[2012-09-03 22:20:22] Observer polling front page
[2012-09-03 22:21:24] Observer polling front page
[2012-09-03 22:22:28] Observer polling front page
[2012-09-03 22:23:34] Observer polling front page
[2012-09-03 22:24:37] Observer polling front page
[2012-09-03 22:25:40] Observer polling front page
[2012-09-03 22:26:44] Observer polling front page
[2012-09-03 22:27:48] Observer polling front page
[2012-09-03 22:28:54] Observer polling front page
[2012-09-03 22:30:00] Observer polling front page
[2012-09-03 22:31:06] Observer polling front page
[2012-09-03 22:32:09] Observer polling front page
[2012-09-03 22:33:10] Observer polling front page
[2012-09-03 22:34:17] Observer polling front page
[2012-09-03 22:35:23] Observer polling front page
[2012-09-03 22:36:24] Observer polling front page
[2012-09-03 22:37:31] Observer polling front page
[2012-09-03 22:38:35] Observer polling front page
[2012-09-03 22:39:37] Observer polling front page
[2012-09-03 22:40:41] Observer polling front page
[2012-09-03 22:41:45] Observer polling front page
[2012-09-03 22:42:47] Observer polling front page
[2012-09-03 22:43:56] Observer polling front page
[2012-09-03 22:44:59] Observer polling front page
[2012-09-03 22:46:01] Observer polling front page
[2012-09-03 22:47:06] Observer polling front page
[2012-09-03 22:48:11] Observer polling front page
[2012-09-03 22:49:16] Observer polling front page
[2012-09-03 22:50:27] Observer polling front page
[2012-09-03 22:51:31] Observer polling front page
[2012-09-03 22:52:36] Observer polling front page
[2012-09-03 22:53:41] Observer polling front page
[2012-09-03 22:54:51] Observer polling front page
[2012-09-03 22:55:54] Observer polling front page
[2012-09-03 22:56:58] Observer polling front page
[2012-09-03 22:58:02] Observer polling front page
[2012-09-03 22:59:07] Observer polling front page
[2012-09-03 23:00:12] Observer polling front page
[2012-09-03 23:01:18] Observer polling front page
[2012-09-03 23:02:23] Observer polling front page
[2012-09-03 23:03:28] Observer polling front page
[2012-09-03 23:04:34] Observer polling front page
[2012-09-03 23:05:39] Observer polling front page
[2012-09-03 23:06:46] Observer polling front page
[2012-09-03 23:07:52] Observer polling front page
[2012-09-03 23:08:58] Observer polling front page
[2012-09-03 23:10:02] Observer polling front page
[2012-09-03 23:11:08] Observer polling front page
[2012-09-03 23:12:13] Observer polling front page
[2012-09-03 23:13:21] Observer polling front page
[2012-09-03 23:14:31] Observer polling front page
[2012-09-03 23:15:34] Observer polling front page
[2012-09-03 23:16:36] Observer polling front page
[2012-09-03 23:17:43] Observer polling front page
[2012-09-03 23:18:47] Observer polling front page
[2012-09-03 23:19:50] Observer polling front page
[2012-09-03 23:20:55] Observer polling front page
[2012-09-03 23:22:04] Observer polling front page
[2012-09-03 23:23:09] Observer polling front page
[2012-09-03 23:24:12] Observer polling front page
[2012-09-03 23:25:15] Observer polling front page
[2012-09-03 23:26:22] Observer polling front page
[2012-09-03 23:27:28] Observer polling front page
[2012-09-03 23:28:35] Observer polling front page
[2012-09-03 23:29:40] Observer polling front page
[2012-09-03 23:30:44] Observer polling front page
[2012-09-03 23:31:49] Observer polling front page
[2012-09-03 23:32:52] Observer polling front page
[2012-09-03 23:33:58] Observer polling front page
[2012-09-03 23:35:03] Observer polling front page
[2012-09-03 23:36:10] Observer polling front page
[2012-09-03 23:37:15] Observer polling front page
[2012-09-03 23:38:20] Observer polling front page
[2012-09-03 23:39:27] Observer polling front page
[2012-09-03 23:40:32] Observer polling front page
[2012-09-03 23:41:37] Observer polling front page
[2012-09-03 23:42:39] Observer polling front page
[2012-09-03 23:43:44] Observer polling front page
[2012-09-03 23:44:48] Observer polling front page
[2012-09-03 23:45:51] Observer polling front page
[2012-09-03 23:46:54] Observer polling front page
[2012-09-03 23:47:56] Observer polling front page
[2012-09-03 23:48:59] Observer polling front page
[2012-09-03 23:50:07] Observer polling front page
[2012-09-03 23:51:10] Observer polling front page
[2012-09-03 23:52:15] Observer polling front page
[2012-09-03 23:53:26] Observer polling front page
[2012-09-03 23:54:28] Observer polling front page
[2012-09-03 23:55:34] Observer polling front page
[2012-09-03 23:56:39] Observer polling front page
[2012-09-03 23:57:41] Observer polling front page
[2012-09-03 23:58:47] Observer polling front page
[2012-09-04 00:00:17] Observer polling front page
[2012-09-04 00:01:23] Observer polling front page
[2012-09-04 00:02:29] Observer polling front page
[2012-09-04 00:03:30] Observer polling front page
[2012-09-04 15:10:02] Setting up observer
[2012-09-04 15:12:07] Setting up observer
[2012-09-04 15:13:44] Setting up observer
[2012-09-04 15:18:27] Setting up observer
[2012-09-05 18:06:36] Setting up observer
[2012-09-05 18:07:26] Setting up observer
[2012-09-05 18:08:00] Setting up observer
[2012-09-05 18:08:01] Observer polling 10 pages
[2012-09-05 18:08:06] Observer Found Ad: Samsung Galaxy S3
[2012-09-05 18:08:06] Observer Found Ad: Verkaufe mein weisses IPhone 4S oder Tausche gegen Samsung Galaxy Note oder Samsung Galaxy S3
[2012-09-05 18:08:06] Observer Found Ad: Samsung galaxy s3 in wei, t - mobile edition aus Vertragsverlngerung
[2012-09-05 18:08:06] Observer Found Ad: Samsung Galaxy S3 Akkudeckel Alu
[2012-09-05 18:09:06] Observer polling front page
[2012-09-05 18:10:07] Observer polling front page
[2012-09-05 18:11:07] Observer polling front page
[2012-09-05 18:12:08] Observer polling front page
[2012-09-05 18:13:08] Observer polling front page
[2012-09-05 18:14:09] Observer polling front page
[2012-09-05 18:15:09] Observer polling front page
[2012-09-05 18:16:10] Observer polling front page
[2012-09-05 18:17:12] Observer polling front page
[2012-09-05 18:18:13] Observer polling front page
[2012-09-05 18:19:15] Observer polling front page
[2012-09-05 18:20:15] Observer polling front page
[2012-09-05 18:21:16] Observer polling front page
[2012-09-05 18:22:16] Observer polling front page
[2012-09-05 18:23:17] Observer polling front page
[2012-09-05 18:24:17] Observer polling front page
[2012-09-05 18:25:18] Observer polling front page
[2012-09-05 18:26:18] Observer polling front page
[2012-09-05 18:26:19] Observer Found Ad: SAMSUNG I9300 Galaxy S3 16GB Schwarz & Weiss NEU
[2012-09-05 18:27:19] Observer polling front page
[2012-09-05 18:28:19] Observer polling front page
[2012-09-05 18:29:20] Observer polling front page
[2012-09-05 18:30:20] Observer polling front page
[2012-09-05 18:31:21] Observer polling front page
[2012-09-05 18:32:22] Observer polling front page
[2012-09-05 18:33:22] Observer polling front page
[2012-09-05 18:34:23] Observer polling front page
[2012-09-05 18:35:23] Observer polling front page
[2012-09-05 18:36:24] Observer polling front page
[2012-09-05 18:37:24] Observer polling front page
[2012-09-05 18:38:25] Observer polling front page
[2012-09-05 18:39:25] Observer polling front page
[2012-09-05 18:40:26] Observer polling front page
[2012-09-05 18:41:27] Observer polling front page
[2012-09-05 18:42:27] Observer polling front page
[2012-09-05 18:43:28] Observer polling front page
[2012-09-05 18:44:28] Observer polling front page
[2012-09-05 18:45:29] Observer polling front page
[2012-09-05 18:46:30] Observer polling front page
[2012-09-05 18:47:30] Observer polling front page
[2012-09-05 18:48:31] Observer polling front page
[2012-09-05 18:49:31] Observer polling front page
[2012-09-05 18:50:32] Observer polling front page
[2012-09-05 18:51:32] Observer polling front page
[2012-09-05 18:52:33] Observer polling front page
[2012-09-05 18:53:33] Observer polling front page
[2012-09-05 18:54:34] Observer polling front page
[2012-09-05 18:55:34] Observer polling front page
[2012-09-05 18:56:35] Observer polling front page
[2012-09-05 18:57:35] Observer polling front page
[2012-09-05 18:58:36] Observer polling front page
[2012-09-05 18:59:36] Observer polling front page
[2012-09-05 19:00:37] Observer polling front page
[2012-09-05 19:01:37] Observer polling front page
[2012-09-05 19:02:38] Observer polling front page
[2012-09-05 19:03:38] Observer polling front page
[2012-09-05 19:04:39] Observer polling front page
[2012-09-05 19:05:39] Observer polling front page
[2012-09-05 19:06:40] Observer polling front page
[2012-09-05 19:07:40] Observer polling front page
[2012-09-05 19:08:41] Observer polling front page
[2012-09-05 19:09:41] Observer polling front page
[2012-09-05 19:10:42] Observer polling front page
[2012-09-05 19:11:43] Observer polling front page
[2012-09-05 19:12:43] Observer polling front page
[2012-09-05 19:13:44] Observer polling front page
[2012-09-05 19:14:44] Observer polling front page
[2012-09-05 19:15:45] Observer polling front page
[2012-09-05 19:16:45] Observer polling front page
[2012-09-05 19:17:46] Observer polling front page
[2012-09-05 19:18:46] Observer polling front page
[2012-09-05 19:19:47] Observer polling front page
[2012-09-05 19:20:47] Observer polling front page
[2012-09-05 19:21:48] Observer polling front page
[2012-09-05 19:22:48] Observer polling front page
[2012-09-05 19:23:49] Observer polling front page
[2012-09-05 19:24:50] Observer polling front page
[2012-09-05 19:25:50] Observer polling front page
[2012-09-05 19:26:51] Observer polling front page
[2012-09-05 19:27:51] Observer polling front page
[2012-09-05 19:28:52] Observer polling front page
[2012-09-05 19:29:52] Observer polling front page
[2012-09-05 19:30:53] Observer polling front page
[2012-09-05 19:31:53] Observer polling front page
[2012-09-05 19:32:54] Observer polling front page
[2012-09-05 19:33:54] Observer polling front page
[2012-09-05 19:34:55] Observer polling front page
[2012-09-05 19:35:55] Observer polling front page
[2012-09-05 19:36:56] Observer polling front page
[2012-09-05 19:37:56] Observer polling front page
[2012-09-05 19:38:57] Observer polling front page
[2012-09-05 19:39:57] Observer polling front page
[2012-09-05 19:40:58] Observer polling front page
[2012-09-05 19:41:58] Observer polling front page
[2012-09-05 19:42:59] Observer polling front page
[2012-09-05 19:43:59] Observer polling front page
[2012-09-05 19:45:00] Observer polling front page
[2012-09-05 19:46:00] Observer polling front page
[2012-09-05 19:47:01] Observer polling front page
[2012-09-05 19:48:01] Observer polling front page
[2012-09-05 19:49:02] Observer polling front page
[2012-09-05 19:50:02] Observer polling front page
[2012-09-05 19:51:03] Observer polling front page
[2012-09-05 19:52:03] Observer polling front page
[2012-09-05 19:53:04] Observer polling front page
[2012-09-05 19:53:04] Observer Found Ad: SAMSUNG GALAXY S3 16GB WEISS NEU
[2012-09-05 19:54:04] Observer polling front page
[2012-09-05 19:55:05] Observer polling front page
[2012-09-05 19:56:05] Observer polling front page
[2012-09-05 19:57:06] Observer polling front page
[2012-09-05 19:58:06] Observer polling front page
[2012-09-05 19:59:07] Observer polling front page
[2012-09-05 20:00:07] Observer polling front page
[2012-09-05 20:01:07] Observer polling front page
[2012-09-05 20:02:07] Observer polling front page
[2012-09-05 20:03:08] Observer polling front page
[2012-09-05 20:04:09] Observer polling front page
[2012-09-05 20:05:09] Observer polling front page
[2012-09-05 20:06:10] Observer polling front page
[2012-09-05 20:07:10] Observer polling front page
[2012-09-05 20:08:11] Observer polling front page
[2012-09-05 20:09:11] Observer polling front page
[2012-09-05 20:10:12] Observer polling front page
[2012-09-05 20:11:12] Observer polling front page
[2012-09-05 20:12:13] Observer polling front page
[2012-09-05 20:13:13] Observer polling front page
[2012-09-05 20:14:14] Observer polling front page
[2012-09-05 20:15:14] Observer polling front page
[2012-09-05 20:16:15] Observer polling front page
[2012-09-05 20:17:15] Observer polling front page
[2012-09-05 20:18:16] Observer polling front page
[2012-09-05 20:19:17] Observer polling front page
[2012-09-05 20:20:17] Observer polling front page
[2012-09-05 20:21:18] Observer polling front page
[2012-09-05 20:22:18] Observer polling front page
[2012-09-05 20:23:19] Observer polling front page
[2012-09-05 20:24:20] Observer polling front page
[2012-09-05 20:25:21] Observer polling front page
[2012-09-05 20:26:22] Observer polling front page
[2012-09-05 20:27:22] Observer polling front page
[2012-09-05 20:28:23] Observer polling front page
[2012-09-05 20:29:23] Observer polling front page
[2012-09-05 20:30:24] Observer polling front page
[2012-09-05 20:31:25] Observer polling front page
[2012-09-05 20:32:25] Observer polling front page
[2012-09-05 20:33:27] Observer polling front page
[2012-09-05 20:34:27] Observer polling front page
[2012-09-05 20:35:28] Observer polling front page
[2012-09-05 20:36:28] Observer polling front page
[2012-09-05 20:37:29] Observer polling front page
[2012-09-05 20:38:29] Observer polling front page
[2012-09-05 20:39:30] Observer polling front page
[2012-09-05 20:40:30] Observer polling front page
[2012-09-05 20:41:31] Observer polling front page
[2012-09-05 20:42:31] Observer polling front page
[2012-09-05 20:43:32] Observer polling front page
[2012-09-05 20:44:32] Observer polling front page
[2012-09-05 20:45:33] Observer polling front page
[2012-09-05 20:46:33] Observer polling front page
[2012-09-05 20:47:34] Observer polling front page
[2012-09-05 20:48:34] Observer polling front page
[2012-09-05 20:49:35] Observer polling front page
[2012-09-05 20:50:36] Observer polling front page
[2012-09-05 20:51:36] Observer polling front page
[2012-09-05 20:52:37] Observer polling front page
[2012-09-05 20:53:37] Observer polling front page
[2012-09-05 20:54:38] Observer polling front page
[2012-09-05 20:54:38] Observer Found Ad: Samsung Galaxy S III i9300
[2012-09-05 20:55:38] Observer polling front page
[2012-09-05 20:56:39] Observer polling front page
[2012-09-05 20:57:39] Observer polling front page
[2012-09-05 20:58:40] Observer polling front page
[2012-09-05 20:59:40] Observer polling front page
[2012-09-05 21:00:41] Observer polling front page
[2012-09-05 21:01:41] Observer polling front page
[2012-09-05 21:02:42] Observer polling front page
[2012-09-05 21:03:42] Observer polling front page
[2012-09-05 21:04:42] Observer polling front page
[2012-09-05 21:05:43] Observer polling front page
[2012-09-05 21:06:43] Observer polling front page
[2012-09-05 21:07:44] Observer polling front page
[2012-09-05 21:08:44] Observer polling front page
[2012-09-05 21:09:45] Observer polling front page
[2012-09-05 21:10:45] Observer polling front page
[2012-09-05 21:11:46] Observer polling front page
[2012-09-05 21:12:46] Observer polling front page
[2012-09-05 21:13:47] Observer polling front page
[2012-09-05 21:14:47] Observer polling front page
[2012-09-05 21:15:48] Observer polling front page
[2012-09-05 21:16:48] Observer polling front page
[2012-09-05 21:17:49] Observer polling front page
[2012-09-05 21:18:49] Observer polling front page
[2012-09-05 21:19:50] Observer polling front page
[2012-09-05 21:20:50] Observer polling front page
[2012-09-05 21:21:51] Observer polling front page
[2012-09-05 21:22:51] Observer polling front page
[2012-09-05 21:23:52] Observer polling front page
[2012-09-05 21:24:52] Observer polling front page
[2012-09-05 21:25:52] Observer polling front page
[2012-09-05 21:26:53] Observer polling front page
[2012-09-05 21:27:53] Observer polling front page
[2012-09-05 21:28:54] Observer polling front page
[2012-09-05 21:29:54] Observer polling front page
[2012-09-05 21:30:55] Observer polling front page
[2012-09-05 21:31:55] Observer polling front page
[2012-09-05 21:32:56] Observer polling front page
[2012-09-05 21:33:56] Observer polling front page
[2012-09-05 21:34:57] Observer polling front page
[2012-09-05 21:35:57] Observer polling front page
[2012-09-05 21:36:58] Observer polling front page
[2012-09-05 21:37:58] Observer polling front page
[2012-09-05 21:38:59] Observer polling front page
[2012-09-05 21:39:59] Observer polling front page
[2012-09-05 21:40:00] Observer Found Ad: Samsung Galaxy S3 - Neu - 64 GB - Wei - Simlock Frei
[2012-09-05 21:41:00] Observer polling front page
[2012-09-05 21:42:00] Observer polling front page
[2012-09-05 21:43:01] Observer polling front page
[2012-09-05 21:44:01] Observer polling front page
[2012-09-05 21:45:02] Observer polling front page
[2012-09-05 21:46:02] Observer polling front page
[2012-09-05 21:47:03] Observer polling front page
[2012-09-05 21:48:03] Observer polling front page
[2012-09-05 21:49:04] Observer polling front page
[2012-09-05 21:50:04] Observer polling front page
[2012-09-05 21:51:04] Observer polling front page
[2012-09-05 21:52:05] Observer polling front page
[2012-09-05 21:53:06] Observer polling front page
[2012-09-05 21:54:06] Observer polling front page
[2012-09-05 21:55:06] Observer polling front page
[2012-09-05 21:56:07] Observer polling front page
[2012-09-05 21:57:07] Observer polling front page
[2012-09-05 21:58:08] Observer polling front page
[2012-09-05 21:59:08] Observer polling front page
[2012-09-05 22:00:12] Observer polling front page
[2012-09-05 22:01:12] Observer polling front page
[2012-09-05 22:02:13] Observer polling front page
[2012-09-05 22:03:13] Observer polling front page
[2012-09-05 22:04:14] Observer polling front page
[2012-09-05 22:05:14] Observer polling front page
[2012-09-05 22:06:15] Observer polling front page
[2012-09-05 22:07:15] Observer polling front page
[2012-09-05 22:08:16] Observer polling front page
[2012-09-05 22:09:16] Observer polling front page
[2012-09-05 22:10:17] Observer polling front page
[2012-09-05 22:11:17] Observer polling front page
[2012-09-05 22:12:18] Observer polling front page
[2012-09-05 22:13:18] Observer polling front page
[2012-09-05 22:14:19] Observer polling front page
[2012-09-05 22:15:19] Observer polling front page
[2012-09-05 22:16:20] Observer polling front page
[2012-09-05 22:17:20] Observer polling front page
[2012-09-05 22:18:21] Observer polling front page
[2012-09-05 22:19:21] Observer polling front page
[2012-09-05 22:20:22] Observer polling front page
[2012-09-05 22:21:22] Observer polling front page
[2012-09-05 22:22:23] Observer polling front page
[2012-09-05 22:23:23] Observer polling front page
[2012-09-05 22:24:23] Observer polling front page
[2012-09-05 22:25:24] Observer polling front page
[2012-09-05 22:26:24] Observer polling front page
[2012-09-05 22:27:25] Observer polling front page
[2012-09-05 22:28:25] Observer polling front page
[2012-09-05 22:29:26] Observer polling front page
[2012-09-05 22:30:26] Observer polling front page
[2012-09-05 22:31:27] Observer polling front page
[2012-09-05 22:32:27] Observer polling front page
[2012-09-05 22:33:28] Observer polling front page
[2012-09-05 22:34:28] Observer polling front page
[2012-09-05 22:35:29] Observer polling front page
[2012-09-05 22:35:29] Observer Found Ad: Samsung Galaxy S III GT-I9300 16 GB - Marble White (Ohne Simlock)
[2012-09-05 22:36:29] Observer polling front page
[2012-09-05 22:37:30] Observer polling front page
[2012-09-05 22:38:30] Observer polling front page
[2012-09-05 22:39:31] Observer polling front page
[2012-09-05 22:40:31] Observer polling front page
[2012-09-05 22:41:32] Observer polling front page
[2012-09-05 22:42:33] Observer polling front page
[2012-09-05 22:43:33] Observer polling front page
[2012-09-05 22:44:34] Observer polling front page
[2012-09-05 22:45:34] Observer polling front page
[2012-09-05 22:46:35] Observer polling front page
[2012-09-05 22:47:35] Observer polling front page
[2012-09-05 22:48:36] Observer polling front page
[2012-09-05 22:49:36] Observer polling front page
[2012-09-05 22:50:37] Observer polling front page
[2012-09-05 22:51:37] Observer polling front page
[2012-09-05 22:52:38] Observer polling front page
[2012-09-05 22:53:38] Observer polling front page
[2012-09-05 22:54:39] Observer polling front page
[2012-09-05 22:55:39] Observer polling front page
[2012-09-05 22:56:40] Observer polling front page
[2012-09-05 22:57:40] Observer polling front page
[2012-09-05 22:58:41] Observer polling front page
[2012-09-05 22:59:41] Observer polling front page
[2012-09-05 23:00:42] Observer polling front page
[2012-09-05 23:01:42] Observer polling front page
[2012-09-05 23:02:44] Observer polling front page
[2012-09-05 23:03:45] Observer polling front page
[2012-09-05 23:04:45] Observer polling front page
[2012-09-05 23:05:46] Observer polling front page
[2012-09-05 23:06:46] Observer polling front page
[2012-09-05 23:07:46] Observer polling front page
[2012-09-05 23:08:47] Observer polling front page
[2012-09-05 23:09:47] Observer polling front page
[2012-09-05 23:10:48] Observer polling front page
[2012-09-05 23:11:48] Observer polling front page
[2012-09-05 23:12:50] Observer polling front page
[2012-09-05 23:13:51] Observer polling front page
[2012-09-05 23:14:51] Observer polling front page
[2012-09-05 23:15:52] Observer polling front page
[2012-09-07 11:09:23] Setting up observer
[2012-09-07 11:09:24] Observer polling 10 pages
[2012-09-07 11:10:10] Observer Found Ad: Samsung Galaxy S3
[2012-09-07 11:10:10] Observer Found Ad: SUCHE Galaxy S3
[2012-09-07 11:10:10] Observer Found Ad: Verkaufe Samsung Galaxy S3 NEU ! Weis 32gb ohne simlock
[2012-09-07 11:11:10] Observer polling front page
[2012-09-07 11:12:12] Observer polling front page
[2012-09-07 11:13:15] Observer polling front page
[2012-09-07 11:14:18] Observer polling front page
[2012-09-07 11:15:21] Observer polling front page
[2012-09-07 11:16:23] Observer polling front page
[2012-09-07 11:17:24] Observer polling front page
[2012-09-07 11:18:27] Observer polling front page
[2012-09-07 11:19:28] Observer polling front page
[2012-09-07 11:20:59] Observer polling front page
[2012-09-07 11:22:43] Observer polling front page
[2012-09-07 11:23:44] Observer polling front page
[2012-09-07 11:24:45] Observer polling front page
[2012-09-07 11:25:46] Observer polling front page
[2012-09-07 11:26:47] Observer polling front page
[2012-09-07 11:27:48] Observer polling front page
[2012-09-07 11:28:49] Observer polling front page
[2012-09-07 11:29:49] Observer polling front page
[2012-09-07 11:30:50] Observer polling front page
[2012-09-07 11:31:51] Observer polling front page
[2012-09-07 11:32:51] Observer polling front page
[2012-09-07 11:33:52] Observer polling front page
[2012-09-07 11:34:52] Observer polling front page
[2012-09-07 11:35:53] Observer polling front page
[2012-09-07 11:36:53] Observer polling front page
[2012-09-07 11:37:54] Observer polling front page
[2012-09-07 11:38:55] Observer polling front page
[2012-09-07 11:39:55] Observer polling front page
[2012-09-07 11:40:56] Observer polling front page
[2012-09-07 11:41:56] Observer polling front page
[2012-09-07 11:42:57] Observer polling front page
[2012-09-07 11:43:57] Observer polling front page
[2012-09-07 11:44:58] Observer polling front page
[2012-09-07 11:45:58] Observer polling front page
[2012-09-07 11:46:59] Observer polling front page
[2012-09-07 11:47:59] Observer polling front page
[2012-09-07 11:49:00] Observer polling front page
[2012-09-07 11:50:00] Observer polling front page
[2012-09-07 11:51:01] Observer polling front page
[2012-09-07 11:52:01] Observer polling front page
[2012-09-07 11:53:02] Observer polling front page
[2012-09-07 11:54:02] Observer polling front page
[2012-09-07 11:55:03] Observer polling front page
[2012-09-07 11:56:03] Observer polling front page
[2012-09-07 11:57:04] Observer polling front page
[2012-09-07 11:58:04] Observer polling front page
[2012-09-07 11:59:05] Observer polling front page
[2012-09-07 12:00:05] Observer polling front page
[2012-09-07 12:01:06] Observer polling front page
[2012-09-07 12:02:07] Observer polling front page
[2012-09-07 12:03:08] Observer polling front page
[2012-09-07 12:04:08] Observer polling front page
[2012-09-07 12:05:09] Observer polling front page
[2012-09-07 12:06:09] Observer polling front page
[2012-09-07 12:07:10] Observer polling front page
[2012-09-07 12:08:10] Observer polling front page
[2012-09-07 12:09:11] Observer polling front page
[2012-09-07 12:10:11] Observer polling front page
[2012-09-07 12:11:12] Observer polling front page
[2012-09-07 12:12:12] Observer polling front page
[2012-09-07 12:13:13] Observer polling front page
[2012-09-07 12:14:13] Observer polling front page
[2012-09-07 12:15:14] Observer polling front page
[2012-09-07 12:16:14] Observer polling front page
[2012-09-07 12:17:15] Observer polling front page
[2012-09-07 12:18:15] Observer polling front page
[2012-09-07 12:19:16] Observer polling front page
[2012-09-07 12:20:16] Observer polling front page
[2012-09-07 12:21:17] Observer polling front page
[2012-09-07 12:22:17] Observer polling front page
[2012-09-07 12:23:18] Observer polling front page
[2012-09-07 12:24:18] Observer polling front page
[2012-09-07 12:25:19] Observer polling front page
[2012-09-07 12:26:19] Observer polling front page
[2012-09-07 12:27:20] Observer polling front page
[2012-09-07 12:28:20] Observer polling front page
[2012-09-07 12:29:21] Observer polling front page
[2012-09-07 12:30:21] Observer polling front page
[2012-09-07 12:31:22] Observer polling front page
[2012-09-07 12:32:22] Observer polling front page
[2012-09-07 12:33:23] Observer polling front page
[2012-09-07 12:34:23] Observer polling front page
[2012-09-07 12:35:24] Observer polling front page
[2012-09-07 12:36:24] Observer polling front page
[2012-09-07 12:37:25] Observer polling front page
[2012-09-07 12:38:25] Observer polling front page
[2012-09-07 12:39:26] Observer polling front page
[2012-09-07 12:40:26] Observer polling front page
[2012-09-07 12:41:27] Observer polling front page
[2012-09-07 12:42:27] Observer polling front page
[2012-09-07 12:43:28] Observer polling front page
[2012-09-07 12:44:29] Observer polling front page
[2012-09-07 12:45:29] Observer polling front page
[2012-09-07 12:46:29] Observer polling front page
[2012-09-07 12:47:30] Observer polling front page
[2012-09-07 12:48:30] Observer polling front page
[2012-09-07 12:49:31] Observer polling front page
[2012-09-07 12:50:32] Observer polling front page
[2012-09-07 12:51:32] Observer polling front page
[2012-09-07 12:52:33] Observer polling front page
[2012-09-07 12:53:33] Observer polling front page
[2012-09-07 12:54:34] Observer polling front page
[2012-09-07 12:55:34] Observer polling front page
[2012-09-07 12:56:35] Observer polling front page
[2012-09-07 12:57:35] Observer polling front page
[2012-09-07 12:58:36] Observer polling front page
[2012-09-07 12:59:42] Observer polling front page
[2012-09-07 13:00:42] Observer polling front page
[2012-09-07 13:01:43] Observer polling front page
[2012-09-07 13:02:43] Observer polling front page
[2012-09-07 13:03:44] Observer polling front page
[2012-09-07 13:04:44] Observer polling front page
[2012-09-07 13:05:45] Observer polling front page
[2012-09-07 13:06:45] Observer polling front page
[2012-09-07 13:07:46] Observer polling front page
[2012-09-07 13:08:46] Observer polling front page
[2012-09-07 13:09:47] Observer polling front page
[2012-09-07 13:10:48] Observer polling front page
[2012-09-07 13:11:48] Observer polling front page
[2012-09-07 13:12:49] Observer polling front page
[2012-09-07 13:13:49] Observer polling front page
[2012-09-07 13:14:50] Observer polling front page
[2012-09-07 13:15:50] Observer polling front page
[2012-09-07 13:16:51] Observer polling front page
[2012-09-07 16:18:24] Observer polling front page
[2012-09-07 16:18:25] Observer Found Ad: Samsung Galaxy s3 blau offen fr alle netzte 32gb mit rechnung und garantie.
[2012-09-07 16:19:25] Observer polling front page
[2012-09-07 16:20:25] Observer polling front page
[2012-09-07 16:21:26] Observer polling front page
[2012-09-07 16:22:27] Observer polling front page
[2012-09-07 16:23:27] Observer polling front page
[2012-09-07 16:24:28] Observer polling front page
[2012-09-07 16:25:28] Observer polling front page
[2012-09-07 16:26:29] Observer polling front page
[2012-09-07 16:27:30] Observer polling front page
[2012-09-07 16:28:30] Observer polling front page
[2012-09-07 16:29:31] Observer polling front page
[2012-09-07 16:30:31] Observer polling front page
[2012-09-07 16:31:32] Observer polling front page
[2012-09-07 16:32:32] Observer polling front page
[2012-09-07 16:33:32] Observer polling front page
[2012-09-07 16:34:33] Observer polling front page
[2012-09-07 16:35:34] Observer polling front page
[2012-09-07 16:36:34] Observer polling front page
[2012-09-07 16:37:34] Observer polling front page
[2012-09-07 16:38:35] Observer polling front page
[2012-09-07 16:39:35] Observer polling front page
[2012-09-07 16:40:36] Observer polling front page
[2012-09-07 16:41:36] Observer polling front page
[2012-09-07 16:42:37] Observer polling front page
[2012-09-07 16:43:37] Observer polling front page
[2012-09-07 16:44:38] Observer polling front page
[2012-09-07 16:45:38] Observer polling front page
[2012-09-07 16:46:39] Observer polling front page
[2012-09-07 16:47:39] Observer polling front page
[2012-09-07 16:48:40] Observer polling front page
[2012-09-07 16:49:40] Observer polling front page
[2012-09-07 16:50:41] Observer polling front page
[2012-09-07 16:51:41] Observer polling front page
[2012-09-07 16:52:42] Observer polling front page
[2012-09-07 16:53:42] Observer polling front page
[2012-09-07 16:54:42] Observer polling front page
[2012-09-07 16:55:43] Observer polling front page
[2012-09-07 16:56:43] Observer polling front page
[2012-09-07 16:57:43] Observer polling front page
[2012-09-07 16:58:44] Observer polling front page
[2012-09-07 16:59:44] Observer polling front page
[2012-09-07 17:00:45] Observer polling front page
[2012-09-07 17:01:45] Observer polling front page
[2012-09-07 17:02:46] Observer polling front page
[2012-09-07 17:03:46] Observer polling front page
[2012-09-07 17:04:47] Observer polling front page
[2012-09-07 17:05:47] Observer polling front page
[2012-09-07 17:06:48] Observer polling front page
[2012-09-07 17:07:48] Observer polling front page
[2012-09-07 17:08:49] Observer polling front page
[2012-09-07 17:09:49] Observer polling front page
[2012-09-07 17:10:50] Observer polling front page
[2012-09-07 17:11:50] Observer polling front page
[2012-09-07 17:12:51] Observer polling front page
[2012-09-07 17:13:51] Observer polling front page
[2012-09-07 17:14:52] Observer polling front page
[2012-09-07 17:15:52] Observer polling front page
[2012-09-07 17:16:53] Observer polling front page
[2012-09-07 17:17:53] Observer polling front page
[2012-09-07 17:18:54] Observer polling front page
[2012-09-07 17:19:54] Observer polling front page
[2012-09-07 17:20:55] Observer polling front page
[2012-09-07 17:21:55] Observer polling front page
[2012-09-07 17:22:55] Observer polling front page
[2012-09-07 17:23:56] Observer polling front page
[2012-09-07 17:24:56] Observer polling front page
[2012-09-07 17:25:57] Observer polling front page
